# JRE version: Java(TM) SE Runtime Environment (8.0_161-b12) (build 1.8.0_161-b12)
# Java VM: Java HotSpot(TM) 64-Bit Server VM (25.161-b12 mixed mode linux-amd64 compressed oops)
Heap:
 PSYoungGen      total 210432K, used 2737K [0x00000000eb600000, 0x00000000f8a80000, 0x0000000100000000)
  eden space 203264K, 0% used [0x00000000eb600000,0x00000000eb600000,0x00000000f7c80000)
  from space 7168K, 38% used [0x00000000f7c80000,0x00000000f7f2c710,0x00000000f8380000)
  to   space 7168K, 0% used [0x00000000f8380000,0x00000000f8380000,0x00000000f8a80000)
 ParOldGen       total 42496K, used 18464K [0x00000000c2200000, 0x00000000c4b80000, 0x00000000eb600000)
  object space 42496K, 43% used [0x00000000c2200000,0x00000000c34081c8,0x00000000c4b80000)
 Metaspace       used 20835K, capacity 21044K, committed 21248K, reserved 1067008K
  class space    used 2619K, capacity 2689K, committed 2816K, reserved 1048576K
GC Heap History (10 events):
Event: 5.812 GC heap after
Heap after GC invocations=6 (full 0):
 PSYoungGen      total 70144K, used 5009K [0x00000000eb600000, 0x00000000f0200000, 0x0000000100000000)
  eden space 63488K, 0% used [0x00000000eb600000,0x00000000eb600000,0x00000000ef400000)
  from space 6656K, 75% used [0x00000000efb80000,0x00000000f0064740,0x00000000f0200000)
  to   space 7168K, 0% used [0x00000000ef400000,0x00000000ef400000,0x00000000efb00000)
 ParOldGen       total 42496K, used 9708K [0x00000000c2200000, 0x00000000c4b80000, 0x00000000eb600000)
  object space 42496K, 22% used [0x00000000c2200000,0x00000000c2b7b2e8,0x00000000c4b80000)
 Metaspace       used 11928K, capacity 12082K, committed 12288K, reserved 1060864K
  class space    used 1469K, capacity 1531K, committed 1536K, reserved 1048576K
}
Event: 7.363 GC heap before
{Heap before GC invocations=7 (full 0):
 PSYoungGen      total 70144K, used 68497K [0x00000000eb600000, 0x00000000f0200000, 0x0000000100000000)
  eden space 63488K, 100% used [0x00000000eb600000,0x00000000ef400000,0x00000000ef400000)
  from space 6656K, 75% used [0x00000000efb80000,0x00000000f0064740,0x00000000f0200000)
  to   space 7168K, 0% used [0x00000000ef400000,0x00000000ef400000,0x00000000efb00000)
 ParOldGen       total 42496K, used 9708K [0x00000000c2200000, 0x00000000c4b80000, 0x00000000eb600000)
  object space 42496K, 22% used [0x00000000c2200000,0x00000000c2b7b2e8,0x00000000c4b80000)
 Metaspace       used 16363K, capacity 16522K, committed 16768K, reserved 1064960K
  class space    used 2031K, capacity 2095K, committed 2176K, reserved 1048576K
Event: 7.405 GC heap after
Heap after GC invocations=7 (full 0):
 PSYoungGen      total 70656K, used 3957K [0x00000000eb600000, 0x00000000f4000000, 0x0000000100000000)
  eden space 63488K, 0% used [0x00000000eb600000,0x00000000eb600000,0x00000000ef400000)
  from space 7168K, 55% used [0x00000000ef400000,0x00000000ef7dd428,0x00000000efb00000)
  to   space 7168K, 0% used [0x00000000f3900000,0x00000000f3900000,0x00000000f4000000)
 ParOldGen       total 42496K, used 12053K [0x00000000c2200000, 0x00000000c4b80000, 0x00000000eb600000)
  object space 42496K, 28% used [0x00000000c2200000,0x00000000c2dc55f0,0x00000000c4b80000)
 Metaspace       used 16363K, capacity 16522K, committed 16768K, reserved 1064960K
  class space    used 2031K, capacity 2095K, committed 2176K, reserved 1048576K
}
Event: 8.487 GC heap before
{Heap before GC invocations=8 (full 0):
 PSYoungGen      total 70656K, used 67445K [0x00000000eb600000, 0x00000000f4000000, 0x0000000100000000)
  eden space 63488K, 100% used [0x00000000eb600000,0x00000000ef400000,0x00000000ef400000)
  from space 7168K, 55% used [0x00000000ef400000,0x00000000ef7dd428,0x00000000efb00000)
  to   space 7168K, 0% used [0x00000000f3900000,0x00000000f3900000,0x00000000f4000000)
 ParOldGen       total 42496K, used 12053K [0x00000000c2200000, 0x00000000c4b80000, 0x00000000eb600000)
  object space 42496K, 28% used [0x00000000c2200000,0x00000000c2dc55f0,0x00000000c4b80000)
 Metaspace       used 17826K, capacity 18072K, committed 18176K, reserved 1064960K
  class space    used 2204K, capacity 2263K, committed 2304K, reserved 1048576K
Event: 8.504 GC heap after
Heap after GC invocations=8 (full 0):
 PSYoungGen      total 133120K, used 3945K [0x00000000eb600000, 0x00000000f3f00000, 0x0000000100000000)
  eden space 126976K, 0% used [0x00000000eb600000,0x00000000eb600000,0x00000000f3200000)
  from space 6144K, 64% used [0x00000000f3900000,0x00000000f3cda7c0,0x00000000f3f00000)
  to   space 6656K, 0% used [0x00000000f3200000,0x00000000f3200000,0x00000000f3880000)
 ParOldGen       total 42496K, used 12189K [0x00000000c2200000, 0x00000000c4b80000, 0x00000000eb600000)
  object space 42496K, 28% used [0x00000000c2200000,0x00000000c2de75f0,0x00000000c4b80000)
 Metaspace       used 17826K, capacity 18072K, committed 18176K, reserved 1064960K
  class space    used 2204K, capacity 2263K, committed 2304K, reserved 1048576K
}
Event: 9.259 GC heap before
{Heap before GC invocations=9 (full 0):
 PSYoungGen      total 133120K, used 130921K [0x00000000eb600000, 0x00000000f3f00000, 0x0000000100000000)
  eden space 126976K, 100% used [0x00000000eb600000,0x00000000f3200000,0x00000000f3200000)
  from space 6144K, 64% used [0x00000000f3900000,0x00000000f3cda7c0,0x00000000f3f00000)
  to   space 6656K, 0% used [0x00000000f3200000,0x00000000f3200000,0x00000000f3880000)
 ParOldGen       total 42496K, used 12189K [0x00000000c2200000, 0x00000000c4b80000, 0x00000000eb600000)
  object space 42496K, 28% used [0x00000000c2200000,0x00000000c2de75f0,0x00000000c4b80000)
 Metaspace       used 18502K, capacity 18756K, committed 19072K, reserved 1067008K
  class space    used 2279K, capacity 2361K, committed 2432K, reserved 1048576K
Event: 9.317 GC heap after
Heap after GC invocations=9 (full 0):
 PSYoungGen      total 133632K, used 6278K [0x00000000eb600000, 0x00000000f8a80000, 0x0000000100000000)
  eden space 126976K, 0% used [0x00000000eb600000,0x00000000eb600000,0x00000000f3200000)
  from space 6656K, 94% used [0x00000000f3200000,0x00000000f38219b0,0x00000000f3880000)
  to   space 7168K, 0% used [0x00000000f8380000,0x00000000f8380000,0x00000000f8a80000)
 ParOldGen       total 42496K, used 12621K [0x00000000c2200000, 0x00000000c4b80000, 0x00000000eb600000)
  object space 42496K, 29% used [0x00000000c2200000,0x00000000c2e535f0,0x00000000c4b80000)
 Metaspace       used 18502K, capacity 18756K, committed 19072K, reserved 1067008K
  class space    used 2279K, capacity 2361K, committed 2432K, reserved 1048576K
}
Event: 9.944 GC heap before
{Heap before GC invocations=10 (full 0):
 PSYoungGen      total 133632K, used 133254K [0x00000000eb600000, 0x00000000f8a80000, 0x0000000100000000)
  eden space 126976K, 100% used [0x00000000eb600000,0x00000000f3200000,0x00000000f3200000)
  from space 6656K, 94% used [0x00000000f3200000,0x00000000f38219b0,0x00000000f3880000)
  to   space 7168K, 0% used [0x00000000f8380000,0x00000000f8380000,0x00000000f8a80000)
 ParOldGen       total 42496K, used 12621K [0x00000000c2200000, 0x00000000c4b80000, 0x00000000eb600000)
  object space 42496K, 29% used [0x00000000c2200000,0x00000000c2e535f0,0x00000000c4b80000)
 Metaspace       used 18950K, capacity 19138K, committed 19328K, reserved 1067008K
  class space    used 2337K, capacity 2398K, committed 2432K, reserved 1048576K
Event: 9.972 GC heap after
Heap after GC invocations=10 (full 0):
 PSYoungGen      total 210432K, used 4249K [0x00000000eb600000, 0x00000000f8a80000, 0x0000000100000000)
  eden space 203264K, 0% used [0x00000000eb600000,0x00000000eb600000,0x00000000f7c80000)
  from space 7168K, 59% used [0x00000000f8380000,0x00000000f87a6768,0x00000000f8a80000)
  to   space 7168K, 0% used [0x00000000f7c80000,0x00000000f7c80000,0x00000000f8380000)
 ParOldGen       total 42496K, used 14804K [0x00000000c2200000, 0x00000000c4b80000, 0x00000000eb600000)
  object space 42496K, 34% used [0x00000000c2200000,0x00000000c30751b8,0x00000000c4b80000)
 Metaspace       used 18950K, capacity 19138K, committed 19328K, reserved 1067008K
  class space    used 2337K, capacity 2398K, committed 2432K, reserved 1048576K
}
Event: 11.321 GC heap before
{Heap before GC invocations=11 (full 0):
 PSYoungGen      total 210432K, used 68465K [0x00000000eb600000, 0x00000000f8a80000, 0x0000000100000000)
  eden space 203264K, 31% used [0x00000000eb600000,0x00000000ef4b5df0,0x00000000f7c80000)
  from space 7168K, 59% used [0x00000000f8380000,0x00000000f87a6768,0x00000000f8a80000)
  to   space 7168K, 0% used [0x00000000f7c80000,0x00000000f7c80000,0x00000000f8380000)
 ParOldGen       total 42496K, used 14804K [0x00000000c2200000, 0x00000000c4b80000, 0x00000000eb600000)
  object space 42496K, 34% used [0x00000000c2200000,0x00000000c30751b8,0x00000000c4b80000)
 Metaspace       used 20835K, capacity 21044K, committed 21248K, reserved 1067008K
  class space    used 2619K, capacity 2689K, committed 2816K, reserved 1048576K

