# JRE version: Java(TM) SE Runtime Environment (8.0_161-b12) (build 1.8.0_161-b12)
# Java VM: Java HotSpot(TM) 64-Bit Server VM (25.161-b12 mixed mode linux-amd64 compressed oops)
Heap:
 PSYoungGen      total 328704K, used 323892K [0x00000000eb600000, 0x0000000100000000, 0x0000000100000000)
  eden space 320512K, 98% used [0x00000000eb600000,0x00000000feaa7d10,0x00000000fef00000)
  from space 8192K, 95% used [0x00000000ff800000,0x00000000fffa5540,0x0000000100000000)
  to   space 8704K, 0% used [0x00000000fef00000,0x00000000fef00000,0x00000000ff780000)
 ParOldGen       total 49664K, used 21811K [0x00000000c2200000, 0x00000000c5280000, 0x00000000eb600000)
  object space 49664K, 43% used [0x00000000c2200000,0x00000000c374ccc0,0x00000000c5280000)
 Metaspace       used 29925K, capacity 30166K, committed 30464K, reserved 1075200K
  class space    used 3778K, capacity 3820K, committed 3840K, reserved 1048576K
GC Heap History (10 events):
Event: 6.132 GC heap before
{Heap before GC invocations=7 (full 0):
 PSYoungGen      total 135168K, used 132924K [0x00000000eb600000, 0x00000000f4200000, 0x0000000100000000)
  eden space 126976K, 100% used [0x00000000eb600000,0x00000000f3200000,0x00000000f3200000)
  from space 8192K, 72% used [0x00000000f3a00000,0x00000000f3fcf000,0x00000000f4200000)
  to   space 8192K, 0% used [0x00000000f3200000,0x00000000f3200000,0x00000000f3a00000)
 ParOldGen       total 42496K, used 13331K [0x00000000c2200000, 0x00000000c4b80000, 0x00000000eb600000)
  object space 42496K, 31% used [0x00000000c2200000,0x00000000c2f04d80,0x00000000c4b80000)
 Metaspace       used 18423K, capacity 18660K, committed 18816K, reserved 1064960K
  class space    used 2260K, capacity 2329K, committed 2432K, reserved 1048576K
Event: 6.166 GC heap after
Heap after GC invocations=7 (full 0):
 PSYoungGen      total 135168K, used 6462K [0x00000000eb600000, 0x00000000fbf00000, 0x0000000100000000)
  eden space 126976K, 0% used [0x00000000eb600000,0x00000000eb600000,0x00000000f3200000)
  from space 8192K, 78% used [0x00000000f3200000,0x00000000f384f998,0x00000000f3a00000)
  to   space 8704K, 0% used [0x00000000fb680000,0x00000000fb680000,0x00000000fbf00000)
 ParOldGen       total 42496K, used 15451K [0x00000000c2200000, 0x00000000c4b80000, 0x00000000eb600000)
  object space 42496K, 36% used [0x00000000c2200000,0x00000000c3116ea0,0x00000000c4b80000)
 Metaspace       used 18423K, capacity 18660K, committed 18816K, reserved 1064960K
  class space    used 2260K, capacity 2329K, committed 2432K, reserved 1048576K
}
Event: 6.748 GC heap before
{Heap before GC invocations=8 (full 0):
 PSYoungGen      total 135168K, used 133438K [0x00000000eb600000, 0x00000000fbf00000, 0x0000000100000000)
  eden space 126976K, 100% used [0x00000000eb600000,0x00000000f3200000,0x00000000f3200000)
  from space 8192K, 78% used [0x00000000f3200000,0x00000000f384f998,0x00000000f3a00000)
  to   space 8704K, 0% used [0x00000000fb680000,0x00000000fb680000,0x00000000fbf00000)
 ParOldGen       total 42496K, used 15451K [0x00000000c2200000, 0x00000000c4b80000, 0x00000000eb600000)
  object space 42496K, 36% used [0x00000000c2200000,0x00000000c3116ea0,0x00000000c4b80000)
 Metaspace       used 18799K, capacity 19036K, committed 19328K, reserved 1067008K
  class space    used 2307K, capacity 2365K, committed 2432K, reserved 1048576K
Event: 6.812 GC heap after
Heap after GC invocations=8 (full 0):
 PSYoungGen      total 261632K, used 6122K [0x00000000eb600000, 0x00000000fbe00000, 0x0000000100000000)
  eden space 253952K, 0% used [0x00000000eb600000,0x00000000eb600000,0x00000000fae00000)
  from space 7680K, 79% used [0x00000000fb680000,0x00000000fbc7ab18,0x00000000fbe00000)
  to   space 8192K, 0% used [0x00000000fae00000,0x00000000fae00000,0x00000000fb600000)
 ParOldGen       total 42496K, used 15683K [0x00000000c2200000, 0x00000000c4b80000, 0x00000000eb600000)
  object space 42496K, 36% used [0x00000000c2200000,0x00000000c3150ea0,0x00000000c4b80000)
 Metaspace       used 18799K, capacity 19036K, committed 19328K, reserved 1067008K
  class space    used 2307K, capacity 2365K, committed 2432K, reserved 1048576K
}
Event: 7.804 GC heap before
{Heap before GC invocations=9 (full 0):
 PSYoungGen      total 261632K, used 89388K [0x00000000eb600000, 0x00000000fbe00000, 0x0000000100000000)
  eden space 253952K, 32% used [0x00000000eb600000,0x00000000f0750540,0x00000000fae00000)
  from space 7680K, 79% used [0x00000000fb680000,0x00000000fbc7ab18,0x00000000fbe00000)
  to   space 8192K, 0% used [0x00000000fae00000,0x00000000fae00000,0x00000000fb600000)
 ParOldGen       total 42496K, used 15683K [0x00000000c2200000, 0x00000000c4b80000, 0x00000000eb600000)
  object space 42496K, 36% used [0x00000000c2200000,0x00000000c3150ea0,0x00000000c4b80000)
 Metaspace       used 20849K, capacity 21044K, committed 21248K, reserved 1067008K
  class space    used 2614K, capacity 2689K, committed 2816K, reserved 1048576K
Event: 7.825 GC heap after
Heap after GC invocations=9 (full 0):
 PSYoungGen      total 262144K, used 5547K [0x00000000eb600000, 0x0000000100000000, 0x0000000100000000)
  eden space 253952K, 0% used [0x00000000eb600000,0x00000000eb600000,0x00000000fae00000)
  from space 8192K, 67% used [0x00000000fae00000,0x00000000fb36acd8,0x00000000fb600000)
  to   space 8192K, 0% used [0x00000000ff800000,0x00000000ff800000,0x0000000100000000)
 ParOldGen       total 42496K, used 17482K [0x00000000c2200000, 0x00000000c4b80000, 0x00000000eb600000)
  object space 42496K, 41% used [0x00000000c2200000,0x00000000c3312bb0,0x00000000c4b80000)
 Metaspace       used 20849K, capacity 21044K, committed 21248K, reserved 1067008K
  class space    used 2614K, capacity 2689K, committed 2816K, reserved 1048576K
}
Event: 7.826 GC heap before
{Heap before GC invocations=10 (full 1):
 PSYoungGen      total 262144K, used 5547K [0x00000000eb600000, 0x0000000100000000, 0x0000000100000000)
  eden space 253952K, 0% used [0x00000000eb600000,0x00000000eb600000,0x00000000fae00000)
  from space 8192K, 67% used [0x00000000fae00000,0x00000000fb36acd8,0x00000000fb600000)
  to   space 8192K, 0% used [0x00000000ff800000,0x00000000ff800000,0x0000000100000000)
 ParOldGen       total 42496K, used 17482K [0x00000000c2200000, 0x00000000c4b80000, 0x00000000eb600000)
  object space 42496K, 41% used [0x00000000c2200000,0x00000000c3312bb0,0x00000000c4b80000)
 Metaspace       used 20849K, capacity 21044K, committed 21248K, reserved 1067008K
  class space    used 2614K, capacity 2689K, committed 2816K, reserved 1048576K
Event: 8.007 GC heap after
Heap after GC invocations=10 (full 1):
 PSYoungGen      total 262144K, used 0K [0x00000000eb600000, 0x0000000100000000, 0x0000000100000000)
  eden space 253952K, 0% used [0x00000000eb600000,0x00000000eb600000,0x00000000fae00000)
  from space 8192K, 0% used [0x00000000fae00000,0x00000000fae00000,0x00000000fb600000)
  to   space 8192K, 0% used [0x00000000ff800000,0x00000000ff800000,0x0000000100000000)
 ParOldGen       total 49664K, used 21811K [0x00000000c2200000, 0x00000000c5280000, 0x00000000eb600000)
  object space 49664K, 43% used [0x00000000c2200000,0x00000000c374ccc0,0x00000000c5280000)
 Metaspace       used 20849K, capacity 21044K, committed 21248K, reserved 1067008K
  class space    used 2614K, capacity 2689K, committed 2816K, reserved 1048576K
}
Event: 12.932 GC heap before
{Heap before GC invocations=11 (full 1):
 PSYoungGen      total 262144K, used 253952K [0x00000000eb600000, 0x0000000100000000, 0x0000000100000000)
  eden space 253952K, 100% used [0x00000000eb600000,0x00000000fae00000,0x00000000fae00000)
  from space 8192K, 0% used [0x00000000fae00000,0x00000000fae00000,0x00000000fb600000)
  to   space 8192K, 0% used [0x00000000ff800000,0x00000000ff800000,0x0000000100000000)
 ParOldGen       total 49664K, used 21811K [0x00000000c2200000, 0x00000000c5280000, 0x00000000eb600000)
  object space 49664K, 43% used [0x00000000c2200000,0x00000000c374ccc0,0x00000000c5280000)
 Metaspace       used 26702K, capacity 26994K, committed 27264K, reserved 1073152K
  class space    used 3334K, capacity 3430K, committed 3456K, reserved 1048576K
Event: 12.959 GC heap after
Heap after GC invocations=11 (full 1):
 PSYoungGen      total 328704K, used 7829K [0x00000000eb600000, 0x0000000100000000, 0x0000000100000000)
  eden space 320512K, 0% used [0x00000000eb600000,0x00000000eb600000,0x00000000fef00000)
  from space 8192K, 95% used [0x00000000ff800000,0x00000000fffa5540,0x0000000100000000)
  to   space 8704K, 0% used [0x00000000fef00000,0x00000000fef00000,0x00000000ff780000)
 ParOldGen       total 49664K, used 21811K [0x00000000c2200000, 0x00000000c5280000, 0x00000000eb600000)
  object space 49664K, 43% used [0x00000000c2200000,0x00000000c374ccc0,0x00000000c5280000)
 Metaspace       used 26702K, capacity 26994K, committed 27264K, reserved 1073152K
  class space    used 3334K, capacity 3430K, committed 3456K, reserved 1048576K
}

