# JRE version: Java(TM) SE Runtime Environment (8.0_161-b12) (build 1.8.0_161-b12)
# Java VM: Java HotSpot(TM) 64-Bit Server VM (25.161-b12 mixed mode linux-amd64 compressed oops)
Heap:
 PSYoungGen      total 328192K, used 323386K [0x00000000eb600000, 0x0000000100000000, 0x0000000100000000)
  eden space 320000K, 98% used [0x00000000eb600000,0x00000000fea2f018,0x00000000fee80000)
  from space 8192K, 95% used [0x00000000ff700000,0x00000000ffe9f920,0x00000000fff00000)
  to   space 8704K, 0% used [0x00000000fee80000,0x00000000fee80000,0x00000000ff700000)
 ParOldGen       total 47616K, used 21190K [0x00000000c2200000, 0x00000000c5080000, 0x00000000eb600000)
  object space 47616K, 44% used [0x00000000c2200000,0x00000000c36b1a50,0x00000000c5080000)
 Metaspace       used 29914K, capacity 30166K, committed 30464K, reserved 1075200K
  class space    used 3776K, capacity 3820K, committed 3840K, reserved 1048576K
GC Heap History (10 events):
Event: 4.447 GC heap before
{Heap before GC invocations=7 (full 0):
 PSYoungGen      total 135168K, used 133175K [0x00000000eb600000, 0x00000000f4200000, 0x0000000100000000)
  eden space 126976K, 100% used [0x00000000eb600000,0x00000000f3200000,0x00000000f3200000)
  from space 8192K, 75% used [0x00000000f3a00000,0x00000000f400de28,0x00000000f4200000)
  to   space 8192K, 0% used [0x00000000f3200000,0x00000000f3200000,0x00000000f3a00000)
 ParOldGen       total 42496K, used 13092K [0x00000000c2200000, 0x00000000c4b80000, 0x00000000eb600000)
  object space 42496K, 30% used [0x00000000c2200000,0x00000000c2ec9308,0x00000000c4b80000)
 Metaspace       used 18391K, capacity 18660K, committed 18816K, reserved 1064960K
  class space    used 2255K, capacity 2329K, committed 2432K, reserved 1048576K
Event: 4.474 GC heap after
Heap after GC invocations=7 (full 0):
 PSYoungGen      total 135168K, used 6598K [0x00000000eb600000, 0x00000000fbf00000, 0x0000000100000000)
  eden space 126976K, 0% used [0x00000000eb600000,0x00000000eb600000,0x00000000f3200000)
  from space 8192K, 80% used [0x00000000f3200000,0x00000000f3871830,0x00000000f3a00000)
  to   space 8704K, 0% used [0x00000000fb680000,0x00000000fb680000,0x00000000fbf00000)
 ParOldGen       total 42496K, used 15301K [0x00000000c2200000, 0x00000000c4b80000, 0x00000000eb600000)
  object space 42496K, 36% used [0x00000000c2200000,0x00000000c30f1448,0x00000000c4b80000)
 Metaspace       used 18391K, capacity 18660K, committed 18816K, reserved 1064960K
  class space    used 2255K, capacity 2329K, committed 2432K, reserved 1048576K
}
Event: 4.833 GC heap before
{Heap before GC invocations=8 (full 0):
 PSYoungGen      total 135168K, used 133574K [0x00000000eb600000, 0x00000000fbf00000, 0x0000000100000000)
  eden space 126976K, 100% used [0x00000000eb600000,0x00000000f3200000,0x00000000f3200000)
  from space 8192K, 80% used [0x00000000f3200000,0x00000000f3871830,0x00000000f3a00000)
  to   space 8704K, 0% used [0x00000000fb680000,0x00000000fb680000,0x00000000fbf00000)
 ParOldGen       total 42496K, used 15301K [0x00000000c2200000, 0x00000000c4b80000, 0x00000000eb600000)
  object space 42496K, 36% used [0x00000000c2200000,0x00000000c30f1448,0x00000000c4b80000)
 Metaspace       used 18768K, capacity 18972K, committed 19328K, reserved 1067008K
  class space    used 2303K, capacity 2365K, committed 2432K, reserved 1048576K
Event: 4.858 GC heap after
Heap after GC invocations=8 (full 0):
 PSYoungGen      total 262656K, used 6298K [0x00000000eb600000, 0x00000000fbf00000, 0x0000000100000000)
  eden space 253952K, 0% used [0x00000000eb600000,0x00000000eb600000,0x00000000fae00000)
  from space 8704K, 72% used [0x00000000fb680000,0x00000000fbca6b28,0x00000000fbf00000)
  to   space 8704K, 0% used [0x00000000fae00000,0x00000000fae00000,0x00000000fb680000)
 ParOldGen       total 42496K, used 15501K [0x00000000c2200000, 0x00000000c4b80000, 0x00000000eb600000)
  object space 42496K, 36% used [0x00000000c2200000,0x00000000c3123448,0x00000000c4b80000)
 Metaspace       used 18768K, capacity 18972K, committed 19328K, reserved 1067008K
  class space    used 2303K, capacity 2365K, committed 2432K, reserved 1048576K
}
Event: 5.666 GC heap before
{Heap before GC invocations=9 (full 0):
 PSYoungGen      total 262656K, used 93890K [0x00000000eb600000, 0x00000000fbf00000, 0x0000000100000000)
  eden space 253952K, 34% used [0x00000000eb600000,0x00000000f0b89d50,0x00000000fae00000)
  from space 8704K, 72% used [0x00000000fb680000,0x00000000fbca6b28,0x00000000fbf00000)
  to   space 8704K, 0% used [0x00000000fae00000,0x00000000fae00000,0x00000000fb680000)
 ParOldGen       total 42496K, used 15501K [0x00000000c2200000, 0x00000000c4b80000, 0x00000000eb600000)
  object space 42496K, 36% used [0x00000000c2200000,0x00000000c3123448,0x00000000c4b80000)
 Metaspace       used 20838K, capacity 21044K, committed 21248K, reserved 1067008K
  class space    used 2610K, capacity 2689K, committed 2816K, reserved 1048576K
Event: 5.702 GC heap after
Heap after GC invocations=9 (full 0):
 PSYoungGen      total 262656K, used 5584K [0x00000000eb600000, 0x00000000fff00000, 0x0000000100000000)
  eden space 253952K, 0% used [0x00000000eb600000,0x00000000eb600000,0x00000000fae00000)
  from space 8704K, 64% used [0x00000000fae00000,0x00000000fb3743b0,0x00000000fb680000)
  to   space 8192K, 0% used [0x00000000ff700000,0x00000000ff700000,0x00000000fff00000)
 ParOldGen       total 42496K, used 17424K [0x00000000c2200000, 0x00000000c4b80000, 0x00000000eb600000)
  object space 42496K, 41% used [0x00000000c2200000,0x00000000c3304168,0x00000000c4b80000)
 Metaspace       used 20838K, capacity 21044K, committed 21248K, reserved 1067008K
  class space    used 2610K, capacity 2689K, committed 2816K, reserved 1048576K
}
Event: 5.702 GC heap before
{Heap before GC invocations=10 (full 1):
 PSYoungGen      total 262656K, used 5584K [0x00000000eb600000, 0x00000000fff00000, 0x0000000100000000)
  eden space 253952K, 0% used [0x00000000eb600000,0x00000000eb600000,0x00000000fae00000)
  from space 8704K, 64% used [0x00000000fae00000,0x00000000fb3743b0,0x00000000fb680000)
  to   space 8192K, 0% used [0x00000000ff700000,0x00000000ff700000,0x00000000fff00000)
 ParOldGen       total 42496K, used 17424K [0x00000000c2200000, 0x00000000c4b80000, 0x00000000eb600000)
  object space 42496K, 41% used [0x00000000c2200000,0x00000000c3304168,0x00000000c4b80000)
 Metaspace       used 20838K, capacity 21044K, committed 21248K, reserved 1067008K
  class space    used 2610K, capacity 2689K, committed 2816K, reserved 1048576K
Event: 5.834 GC heap after
Heap after GC invocations=10 (full 1):
 PSYoungGen      total 262656K, used 0K [0x00000000eb600000, 0x00000000fff00000, 0x0000000100000000)
  eden space 253952K, 0% used [0x00000000eb600000,0x00000000eb600000,0x00000000fae00000)
  from space 8704K, 0% used [0x00000000fae00000,0x00000000fae00000,0x00000000fb680000)
  to   space 8192K, 0% used [0x00000000ff700000,0x00000000ff700000,0x00000000fff00000)
 ParOldGen       total 47616K, used 21190K [0x00000000c2200000, 0x00000000c5080000, 0x00000000eb600000)
  object space 47616K, 44% used [0x00000000c2200000,0x00000000c36b1a50,0x00000000c5080000)
 Metaspace       used 20838K, capacity 21044K, committed 21248K, reserved 1067008K
  class space    used 2610K, capacity 2689K, committed 2816K, reserved 1048576K
}
Event: 9.916 GC heap before
{Heap before GC invocations=11 (full 1):
 PSYoungGen      total 262656K, used 253952K [0x00000000eb600000, 0x00000000fff00000, 0x0000000100000000)
  eden space 253952K, 100% used [0x00000000eb600000,0x00000000fae00000,0x00000000fae00000)
  from space 8704K, 0% used [0x00000000fae00000,0x00000000fae00000,0x00000000fb680000)
  to   space 8192K, 0% used [0x00000000ff700000,0x00000000ff700000,0x00000000fff00000)
 ParOldGen       total 47616K, used 21190K [0x00000000c2200000, 0x00000000c5080000, 0x00000000eb600000)
  object space 47616K, 44% used [0x00000000c2200000,0x00000000c36b1a50,0x00000000c5080000)
 Metaspace       used 26681K, capacity 26962K, committed 27264K, reserved 1073152K
  class space    used 3330K, capacity 3398K, committed 3456K, reserved 1048576K
Event: 9.968 GC heap after
Heap after GC invocations=11 (full 1):
 PSYoungGen      total 328192K, used 7806K [0x00000000eb600000, 0x0000000100000000, 0x0000000100000000)
  eden space 320000K, 0% used [0x00000000eb600000,0x00000000eb600000,0x00000000fee80000)
  from space 8192K, 95% used [0x00000000ff700000,0x00000000ffe9f920,0x00000000fff00000)
  to   space 8704K, 0% used [0x00000000fee80000,0x00000000fee80000,0x00000000ff700000)
 ParOldGen       total 47616K, used 21190K [0x00000000c2200000, 0x00000000c5080000, 0x00000000eb600000)
  object space 47616K, 44% used [0x00000000c2200000,0x00000000c36b1a50,0x00000000c5080000)
 Metaspace       used 26681K, capacity 26962K, committed 27264K, reserved 1073152K
  class space    used 3330K, capacity 3398K, committed 3456K, reserved 1048576K
}

